randomplay v0.60
---------------------
#HELIUM2 RELEASETYPE: 8
YEAR: 2008
ARTIST: Beethoven
TITLE: Moonlight Sonata
ALBUM: A Masterpiece Collection
GENRE: Classical
TRACKNUM: 19/155
TAGVERSION: ID3v1.1 / ID3v2.3.0
Weight: 0
---------------------
ARTIST: Various Composers
TITLE: Richard Strauss - Also Sprach Zarathustra
ALBUM: 300 Classical Favorites
GENRE: Classical
TAGVERSION: ID3v1 / ID3v2.3.0
Weight: 0
---------------------
ARTIST: Various Composers
TITLE: Mozart - Eine Kleine Nachtmusik - 3. Minuetto
ALBUM: 300 Classical Favorites
GENRE: Classical
TAGVERSION: ID3v1 / ID3v2.3.0
Weight: 0
---------------------
#HELIUM2 RELEASETYPE: 8
YEAR: 2008
ARTIST: Handel
TITLE: The Harmonious Blacksmith
ALBUM: A Masterpiece Collection
GENRE: Classical
TRACKNUM: 58/155
TAGVERSION: ID3v1.1 / ID3v2.3.0
Weight: 0
---------------------
#HELIUM2 RELEASETYPE: 8
YEAR: 2008
ARTIST: Rosas
#HELIUM2 ALBUMARTIST: Various Composers
TITLE: Sobre Las Olas
ALBUM: A Masterpiece Collection
GENRE: Classical
TRACKNUM: 102/155
TAGVERSION: ID3v1.1 / ID3v2.3.0
#HELIUM ALBUM ARTIST SORT ORDER: Various Composers
Weight: 0
---------------------
#HELIUM2 RELEASETYPE: 8
YEAR: 2008
ARTIST: Tchaikovsky
#HELIUM2 ALBUMARTIST: Various Composers
TITLE: Romeo And Juliet
ALBUM: A Masterpiece Collection
GENRE: Classical
TRACKNUM: 135/155
TAGVERSION: ID3v1.1 / ID3v2.3.0
#HELIUM ALBUM ARTIST SORT ORDER: Various Composers
Weight: 0
---------------------
ARTIST: Various Composers
TITLE: Mendelssohn - Spring Song
ALBUM: 300 Classical Favorites
GENRE: Classical
TAGVERSION: ID3v1 / ID3v2.3.0
Weight: 0
---------------------
#HELIUM2 RELEASETYPE: 8
YEAR: 2008
ARTIST: Tchaikovsky
#HELIUM2 ALBUMARTIST: Various Composers
TITLE: Trepak
ALBUM: A Masterpiece Collection
GENRE: Classical
TRACKNUM: 137/155
TAGVERSION: ID3v1.1 / ID3v2.3.0
#HELIUM ALBUM ARTIST SORT ORDER: Various Composers
Weight: 0
---------------------
#HELIUM2 RELEASETYPE: 8
YEAR: 2008
ARTIST: Delibes
TITLE: The Flower Duet
ALBUM: A Masterpiece Collection
GENRE: Classical
TRACKNUM: 38/155
TAGVERSION: ID3v1.1 / ID3v2.3.0
Weight: 0
---------------------
ARTIST: Various Composers
TITLE: Schubert - Serenade
ALBUM: 300 Classical Favorites
GENRE: Classical
TAGVERSION: ID3v1 / ID3v2.3.0
Weight: 0
---------------------
ARTIST: Various Composers
TITLE: Bach - 'Sleepers, Wake!' Cantata, BWV 140
ALBUM: 300 Classical Favorites
GENRE: Classical
TAGVERSION: ID3v1 / ID3v2.3.0
Weight: 0
---------------------
#HELIUM2 RELEASETYPE: 8
YEAR: 2008
ARTIST: Bach
TITLE: Minuet In G Major
ALBUM: A Masterpiece Collection
GENRE: Classical
TRACKNUM: 9/155
TAGVERSION: ID3v1.1 / ID3v2.3.0
Weight: 0
---------------------
ARTIST: Various Composers
TITLE: J. Strauss Jr - Wine Women And Song Waltz
ALBUM: 300 Classical Favorites
GENRE: Classical
TAGVERSION: ID3v1 / ID3v2.3.0
Weight: 0
---------------------
ARTIST: Various Composers
TITLE: Delibes - The Flower Duet
ALBUM: 300 Classical Favorites
GENRE: Classical
TAGVERSION: ID3v1 / ID3v2.3.0
Weight: 0
---------------------
#HELIUM2 RELEASETYPE: 8
YEAR: 2008
ARTIST: Orff
TITLE: Carmina Burana
ALBUM: A Masterpiece Collection
GENRE: Classical
TRACKNUM: 91/155
TAGVERSION: ID3v1.1 / ID3v2.3.0
Weight: 0
---------------------
#HELIUM2 RELEASETYPE: 8
YEAR: 2008
ARTIST: Bach
TITLE: Violoncello Minuet
ALBUM: A Masterpiece Collection
GENRE: Classical
TRACKNUM: 12/155
TAGVERSION: ID3v1.1 / ID3v2.3.0
Weight: 0
---------------------
#HELIUM2 RELEASETYPE: 8
YEAR: 2008
ARTIST: Strauss
TITLE: Vienna Blood
ALBUM: A Masterpiece Collection
GENRE: Classical
TRACKNUM: 126/155
TAGVERSION: ID3v1.1 / ID3v2.3.0
Weight: 0
